This file contains any messages produced by compilers while
running configure, to aid debugging if configure makes a mistake.

It was created by dyncomp configure 0.2.0, which was
generated by GNU Autoconf 2.62.  Invocation command line was

  $ ./configure 

## --------- ##
## Platform. ##
## --------- ##

hostname = dekatoncheir.koguro.net
uname -m = i386
uname -r = 9.5.0
uname -s = Darwin
uname -v = Darwin Kernel Version 9.5.0: Wed Sep  3 11:29:43 PDT 2008; root:xnu-1228.7.58~1/RELEASE_I386

/usr/bin/uname -p = i386
/bin/uname -X     = unknown

/bin/arch              = unknown
/usr/bin/arch -k       = unknown
/usr/convex/getsysinfo = unknown
/usr/bin/hostinfo      = Mach kernel version:
	 Darwin Kernel Version 9.5.0: Wed Sep  3 11:29:43 PDT 2008; root:xnu-1228.7.58~1/RELEASE_I386
Kernel configured for up to 4 processors.
4 processors are physically available.
4 processors are logically available.
Processor type: i486 (Intel 80486)
Processors active: 0 1 2 3
Primary memory available: 8.00 gigabytes
Default processor set: 93 tasks, 437 threads, 4 processors
Load average: 0.74, Mach factor: 3.25
/bin/machine           = unknown
/usr/bin/oslevel       = unknown
/bin/universe          = unknown

PATH: /Users/naoki/bin
PATH: /opt/local/bin
PATH: /usr/local/bin
PATH: /usr/bin
PATH: /bin
PATH: /opt/local/sbin
PATH: /usr/sbin
PATH: /sbin
PATH: /usr/X11/bin
PATH: /Developer/Tools


## ----------- ##
## Core tests. ##
## ----------- ##

configure:1775: checking build system type
configure:1793: result: i686-apple-darwin9.5.0
configure:1815: checking host system type
configure:1830: result: i686-apple-darwin9.5.0
configure:1852: checking target system type
configure:1867: result: i686-apple-darwin9.5.0
configure:1898: checking for gosh
configure:1916: found /usr/local/bin/gosh
configure:1928: result: /usr/local/bin/gosh
configure:1938: checking for gauche-config
configure:1956: found /usr/local/bin/gauche-config
configure:1968: result: /usr/local/bin/gauche-config
configure:1978: checking for gauche-package
configure:1996: found /usr/local/bin/gauche-package
configure:2008: result: /usr/local/bin/gauche-package
configure:2018: checking for gauche-install
configure:2036: found /usr/local/bin/gauche-install
configure:2048: result: /usr/local/bin/gauche-install
configure:2058: checking for gauche-cesconv
configure:2076: found /usr/local/bin/gauche-cesconv
configure:2088: result: /usr/local/bin/gauche-cesconv
configure:2128: creating dyncomp.gpd
configure:2275: creating ./config.status

## ---------------------- ##
## Running config.status. ##
## ---------------------- ##

This file was extended by dyncomp config.status 0.2.0, which was
generated by GNU Autoconf 2.62.  Invocation command line was

  CONFIG_FILES    = 
  CONFIG_HEADERS  = 
  CONFIG_LINKS    = 
  CONFIG_COMMANDS = 
  $ ./config.status 

on dekatoncheir.koguro.net

config.status:657: creating Makefile

## ---------------- ##
## Cache variables. ##
## ---------------- ##

ac_cv_build=i686-apple-darwin9.5.0
ac_cv_env_build_alias_set=
ac_cv_env_build_alias_value=
ac_cv_env_host_alias_set=
ac_cv_env_host_alias_value=
ac_cv_env_target_alias_set=
ac_cv_env_target_alias_value=
ac_cv_host=i686-apple-darwin9.5.0
ac_cv_path_GAUCHE_CESCONV=/usr/local/bin/gauche-cesconv
ac_cv_path_GAUCHE_CONFIG=/usr/local/bin/gauche-config
ac_cv_path_GAUCHE_INSTALL=/usr/local/bin/gauche-install
ac_cv_path_GAUCHE_PACKAGE=/usr/local/bin/gauche-package
ac_cv_path_GOSH=/usr/local/bin/gosh
ac_cv_target=i686-apple-darwin9.5.0

## ----------------- ##
## Output variables. ##
## ----------------- ##

DEFS='-DPACKAGE_NAME=\"dyncomp\" -DPACKAGE_TARNAME=\"dyncomp\" -DPACKAGE_VERSION=\"0.2.0\" -DPACKAGE_STRING=\"dyncomp\ 0.2.0\" -DPACKAGE_BUGREPORT=\"naoki@koguro.net\"'
DYNCOMP_HELPER_H='dyncomp_helper_darwin.h'
ECHO_C='\c'
ECHO_N=''
ECHO_T=''
EXEEXT=''
GAUCHE_CESCONV='/usr/local/bin/gauche-cesconv'
GAUCHE_CONFIG='/usr/local/bin/gauche-config'
GAUCHE_INSTALL='/usr/local/bin/gauche-install'
GAUCHE_PACKAGE='/usr/local/bin/gauche-package'
GAUCHE_PKGARCHDIR='${libdir}/gauche/site/0.8.14/i386-apple-darwin9.5.0'
GAUCHE_PKGINCDIR='${libdir}/gauche/site/include'
GAUCHE_PKGLIBDIR='${datadir}/gauche/site/lib'
GOSH='/usr/local/bin/gosh'
LIBOBJS=''
LIBS=''
LTLIBOBJS=''
OBJEXT='o'
PACKAGE_BUGREPORT='naoki@koguro.net'
PACKAGE_NAME='dyncomp'
PACKAGE_STRING='dyncomp 0.2.0'
PACKAGE_TARNAME='dyncomp'
PACKAGE_VERSION='0.2.0'
PATH_SEPARATOR=':'
SHELL='/bin/sh'
SOEXT='so'
bindir='${exec_prefix}/bin'
build='i686-apple-darwin9.5.0'
build_alias=''
build_cpu='i686'
build_os='darwin9.5.0'
build_vendor='apple'
datadir='${datarootdir}'
datarootdir='${prefix}/share'
docdir='${datarootdir}/doc/${PACKAGE_TARNAME}'
dvidir='${docdir}'
exec_prefix='${prefix}'
host='i686-apple-darwin9.5.0'
host_alias=''
host_cpu='i686'
host_os='darwin9.5.0'
host_vendor='apple'
htmldir='${docdir}'
includedir='${prefix}/include'
infodir='${datarootdir}/info'
libdir='${exec_prefix}/lib'
libexecdir='${exec_prefix}/libexec'
localedir='${datarootdir}/locale'
localstatedir='${prefix}/var'
mandir='${datarootdir}/man'
oldincludedir='/usr/include'
pdfdir='${docdir}'
prefix='/usr/local'
program_transform_name='s,x,x,'
psdir='${docdir}'
sbindir='${exec_prefix}/sbin'
sharedstatedir='${prefix}/com'
sysconfdir='${prefix}/etc'
target='i686-apple-darwin9.5.0'
target_alias=''
target_cpu='i686'
target_os='darwin9.5.0'
target_vendor='apple'

## ----------- ##
## confdefs.h. ##
## ----------- ##

#define PACKAGE_NAME "dyncomp"
#define PACKAGE_TARNAME "dyncomp"
#define PACKAGE_VERSION "0.2.0"
#define PACKAGE_STRING "dyncomp 0.2.0"
#define PACKAGE_BUGREPORT "naoki@koguro.net"

configure: exit 0
